<?xml version="1.0" encoding="UTF-8"?>
<!-- Generated by org.testng.reporters.JUnitXMLReporter -->
<testsuite ignored="0" hostname="home-laptop" failures="0" tests="4" name="Test" time="13.136" errors="0" timestamp="2025-01-02T19:13:49 IST">
  <testcase classname="com.toolshop.tests.BrandApiTest" name="testGetBrands" time="7.871"/>
  <testcase classname="com.toolshop.tests.BrandPostValidationTests" name="createNewBrandWithValidData" time="2.361"/>
  <testcase classname="com.toolshop.tests.BrandPostValidationTests" name="createNewBrandWithMissingNameField" time="0.776"/>
  <testcase classname="com.toolshop.tests.BrandPostValidationTests" name="createNewBrandWithMissingSlugField" time="0.947"/>
</testsuite> <!-- Test -->
