<?xml version="1.0" encoding="UTF-8"?>
<!-- Generated by org.testng.reporters.JUnitXMLReporter -->
<testsuite ignored="0" hostname="home-laptop" failures="0" tests="6" name="Test" time="14.8" errors="0" timestamp="2025-01-07T17:50:47 IST">
  <testcase classname="com.toolshop.tests.BrandPostValidationTests" name="createNewBrandWithValidData" time="9.536"/>
  <testcase classname="com.toolshop.tests.BrandPostValidationTests" name="createNewBrandWithMissingNameField" time="0.724"/>
  <testcase classname="com.toolshop.tests.BrandPostValidationTests" name="createNewBrandWithMissingSlugField" time="1.221"/>
  <testcase classname="com.toolshop.tests.BrandGetValidationTest" name="getAllBrands" time="0.699"/>
  <testcase classname="com.toolshop.tests.BrandGetValidationTest" name="getBrandByValidId" time="0.711"/>
  <testcase classname="com.toolshop.tests.BrandGetValidationTest" name="getBrandByInValidId" time="0.674"/>
</testsuite> <!-- Test -->
