<?xml version="1.0" encoding="UTF-8"?>
<testng-results ignored="0" total="6" passed="6" failed="0" skipped="0">
  <reporter-output>
  </reporter-output>
  <suite started-at="2025-01-07T17:50:26 IST" name="Suite" finished-at="2025-01-07T17:50:40 IST" duration-ms="14800">
    <groups>
    </groups>
    <test started-at="2025-01-07T17:50:26 IST" name="Test" finished-at="2025-01-07T17:50:40 IST" duration-ms="14800">
      <class name="com.toolshop.tests.BrandGetValidationTest">
        <test-method signature="getAllBrands()[pri:0, instance:com.toolshop.tests.BrandGetValidationTest@1a482e36]" started-at="2025-01-07T17:50:38 IST" name="getAllBrands" finished-at="2025-01-07T17:50:39 IST" duration-ms="699" status="PASS">
          <reporter-output>
          </reporter-output>
        </test-method> <!-- getAllBrands -->
        <test-method signature="getBrandByValidId(org.testng.ITestContext)[pri:1, instance:com.toolshop.tests.BrandGetValidationTest@1a482e36]" started-at="2025-01-07T17:50:39 IST" name="getBrandByValidId" finished-at="2025-01-07T17:50:40 IST" duration-ms="711" status="PASS">
          <params>
            <param index="0">
              <value>
                <![CDATA[org.testng.TestRunner@62833051]]>
              </value>
            </param>
          </params>
          <reporter-output>
          </reporter-output>
        </test-method> <!-- getBrandByValidId -->
        <test-method signature="getBrandByInValidId()[pri:2, instance:com.toolshop.tests.BrandGetValidationTest@1a482e36]" started-at="2025-01-07T17:50:40 IST" name="getBrandByInValidId" finished-at="2025-01-07T17:50:40 IST" duration-ms="674" status="PASS">
          <reporter-output>
          </reporter-output>
        </test-method> <!-- getBrandByInValidId -->
      </class> <!-- com.toolshop.tests.BrandGetValidationTest -->
      <class name="com.toolshop.tests.BrandPostValidationTests">
        <test-method signature="createNewBrandWithValidData(org.testng.ITestContext)[pri:0, instance:com.toolshop.tests.BrandPostValidationTests@9597028]" started-at="2025-01-07T17:50:27 IST" name="createNewBrandWithValidData" finished-at="2025-01-07T17:50:36 IST" duration-ms="9536" status="PASS">
          <params>
            <param index="0">
              <value>
                <![CDATA[org.testng.TestRunner@62833051]]>
              </value>
            </param>
          </params>
          <reporter-output>
          </reporter-output>
        </test-method> <!-- createNewBrandWithValidData -->
        <test-method signature="createNewBrandWithMissingNameField()[pri:1, instance:com.toolshop.tests.BrandPostValidationTests@9597028]" started-at="2025-01-07T17:50:36 IST" name="createNewBrandWithMissingNameField" finished-at="2025-01-07T17:50:37 IST" duration-ms="724" status="PASS">
          <reporter-output>
          </reporter-output>
        </test-method> <!-- createNewBrandWithMissingNameField -->
        <test-method signature="createNewBrandWithMissingSlugField()[pri:2, instance:com.toolshop.tests.BrandPostValidationTests@9597028]" started-at="2025-01-07T17:50:37 IST" name="createNewBrandWithMissingSlugField" finished-at="2025-01-07T17:50:38 IST" duration-ms="1221" status="PASS">
          <reporter-output>
          </reporter-output>
        </test-method> <!-- createNewBrandWithMissingSlugField -->
      </class> <!-- com.toolshop.tests.BrandPostValidationTests -->
    </test> <!-- Test -->
  </suite> <!-- Suite -->
</testng-results>
