<?xml version="1.0" encoding="UTF-8"?>
<testng-results ignored="0" total="7" passed="7" failed="0" skipped="0">
  <reporter-output>
  </reporter-output>
  <suite started-at="2025-01-09T19:21:37 IST" name="Suite" finished-at="2025-01-09T19:21:49 IST" duration-ms="12398">
    <groups>
    </groups>
    <test started-at="2025-01-09T19:21:37 IST" name="Test" finished-at="2025-01-09T19:21:49 IST" duration-ms="12398">
      <class name="com.toolshop.tests.BrandPutValidationTests">
        <test-method signature="updateBrand(org.testng.ITestContext)[pri:0, instance:com.toolshop.tests.BrandPutValidationTests@3febb011]" started-at="2025-01-09T19:21:49 IST" name="updateBrand" finished-at="2025-01-09T19:21:49 IST" duration-ms="703" status="PASS">
          <params>
            <param index="0">
              <value>
                <![CDATA[org.testng.TestRunner@6736fa8d]]>
              </value>
            </param>
          </params>
          <reporter-output>
          </reporter-output>
        </test-method> <!-- updateBrand -->
      </class> <!-- com.toolshop.tests.BrandPutValidationTests -->
      <class name="com.toolshop.tests.BrandPostValidationTests">
        <test-method signature="createNewBrandWithValidData(org.testng.ITestContext)[pri:0, instance:com.toolshop.tests.BrandPostValidationTests@16d04d3d]" started-at="2025-01-09T19:21:38 IST" name="createNewBrandWithValidData" finished-at="2025-01-09T19:21:45 IST" duration-ms="7457" status="PASS">
          <params>
            <param index="0">
              <value>
                <![CDATA[org.testng.TestRunner@6736fa8d]]>
              </value>
            </param>
          </params>
          <reporter-output>
          </reporter-output>
        </test-method> <!-- createNewBrandWithValidData -->
        <test-method signature="createNewBrandWithMissingNameField()[pri:1, instance:com.toolshop.tests.BrandPostValidationTests@16d04d3d]" started-at="2025-01-09T19:21:45 IST" name="createNewBrandWithMissingNameField" finished-at="2025-01-09T19:21:46 IST" duration-ms="666" status="PASS">
          <reporter-output>
          </reporter-output>
        </test-method> <!-- createNewBrandWithMissingNameField -->
        <test-method signature="createNewBrandWithMissingSlugField()[pri:2, instance:com.toolshop.tests.BrandPostValidationTests@16d04d3d]" started-at="2025-01-09T19:21:46 IST" name="createNewBrandWithMissingSlugField" finished-at="2025-01-09T19:21:47 IST" duration-ms="716" status="PASS">
          <reporter-output>
          </reporter-output>
        </test-method> <!-- createNewBrandWithMissingSlugField -->
      </class> <!-- com.toolshop.tests.BrandPostValidationTests -->
      <class name="com.toolshop.tests.BrandGetValidationTests">
        <test-method signature="getAllBrands()[pri:0, instance:com.toolshop.tests.BrandGetValidationTests@74fe5c40]" started-at="2025-01-09T19:21:47 IST" name="getAllBrands" finished-at="2025-01-09T19:21:47 IST" duration-ms="707" status="PASS">
          <reporter-output>
          </reporter-output>
        </test-method> <!-- getAllBrands -->
        <test-method signature="getBrandByValidId(org.testng.ITestContext)[pri:1, instance:com.toolshop.tests.BrandGetValidationTests@74fe5c40]" started-at="2025-01-09T19:21:47 IST" name="getBrandByValidId" finished-at="2025-01-09T19:21:48 IST" duration-ms="620" status="PASS">
          <params>
            <param index="0">
              <value>
                <![CDATA[org.testng.TestRunner@6736fa8d]]>
              </value>
            </param>
          </params>
          <reporter-output>
          </reporter-output>
        </test-method> <!-- getBrandByValidId -->
        <test-method signature="getBrandByInValidId()[pri:2, instance:com.toolshop.tests.BrandGetValidationTests@74fe5c40]" started-at="2025-01-09T19:21:48 IST" name="getBrandByInValidId" finished-at="2025-01-09T19:21:49 IST" duration-ms="636" status="PASS">
          <reporter-output>
          </reporter-output>
        </test-method> <!-- getBrandByInValidId -->
      </class> <!-- com.toolshop.tests.BrandGetValidationTests -->
    </test> <!-- Test -->
  </suite> <!-- Suite -->
</testng-results>
